<?xml version="1.0" encoding="UTF-8"?>
<testng-results ignored="0" total="1" passed="1" failed="0" skipped="0">
  <reporter-output>
  </reporter-output>
  <suite started-at="2024-07-12T12:56:31 IST" name="Default suite" finished-at="2024-07-12T12:56:32 IST" duration-ms="69">
    <groups>
    </groups>
    <test started-at="2024-07-12T12:56:31 IST" name="Default test" finished-at="2024-07-12T12:56:32 IST" duration-ms="69">
      <class name="tests.ReadPropertiesFile">
        <test-method signature="readConfigVariables()[pri:0, instance:tests.ReadPropertiesFile@6302bbb1]" started-at="2024-07-12T12:56:32 IST" name="readConfigVariables" finished-at="2024-07-12T12:56:32 IST" duration-ms="10" status="PASS">
          <reporter-output>
          </reporter-output>
        </test-method> <!-- readConfigVariables -->
      </class> <!-- tests.ReadPropertiesFile -->
    </test> <!-- Default test -->
  </suite> <!-- Default suite -->
</testng-results>
